app/build/outputs/mapping/release/seeds.txt
vmc.in.mrecorder.R$anim: int abc_fade_in
vmc.in.mrecorder.R$anim: int abc_fade_out
vmc.in.mrecorder.R$anim: int abc_grow_fade_in_from_bottom
vmc.in.mrecorder.R$anim: int abc_popup_enter
vmc.in.mrecorder.R$anim: int abc_popup_exit
vmc.in.mrecorder.R$anim: int abc_shrink_fade_out_from_bottom
vmc.in.mrecorder.R$anim: int abc_slide_in_bottom
vmc.in.mrecorder.R$anim: int abc_slide_in_top
vmc.in.mrecorder.R$anim: int abc_slide_out_bottom
vmc.in.mrecorder.R$anim: int abc_slide_out_top
vmc.in.mrecorder.R$anim: int design_bottom_sheet_slide_in
vmc.in.mrecorder.R$anim: int design_bottom_sheet_slide_out
vmc.in.mrecorder.R$anim: int design_fab_in
vmc.in.mrecorder.R$anim: int design_fab_out
vmc.in.mrecorder.R$anim: int design_snackbar_in
vmc.in.mrecorder.R$anim: int design_snackbar_out
vmc.in.mrecorder.R$array: int audioformat
vmc.in.mrecorder.R$array: int audiosource
vmc.in.mrecorder.R$array: int audiosourceValues
vmc.in.mrecorder.R$array: int audiovalues
vmc.in.mrecorder.R$array: int syncFrequency
vmc.in.mrecorder.R$array: int syncFrequencyValues
vmc.in.mrecorder.R$attr: int actionBarDivider
vmc.in.mrecorder.R$attr: int actionBarItemBackground
vmc.in.mrecorder.R$attr: int actionBarPopupTheme
vmc.in.mrecorder.R$attr: int actionBarSize
vmc.in.mrecorder.R$attr: int actionBarSplitStyle
vmc.in.mrecorder.R$attr: int actionBarStyle
vmc.in.mrecorder.R$attr: int actionBarTabBarStyle
vmc.in.mrecorder.R$attr: int actionBarTabStyle
vmc.in.mrecorder.R$attr: int actionBarTabTextStyle
vmc.in.mrecorder.R$attr: int actionBarTheme
vmc.in.mrecorder.R$attr: int actionBarWidgetTheme
vmc.in.mrecorder.R$attr: int actionButtonStyle
vmc.in.mrecorder.R$attr: int actionDropDownStyle
vmc.in.mrecorder.R$attr: int actionLayout
vmc.in.mrecorder.R$attr: int actionMenuTextAppearance
vmc.in.mrecorder.R$attr: int actionMenuTextColor
vmc.in.mrecorder.R$attr: int actionModeBackground
vmc.in.mrecorder.R$attr: int actionModeCloseButtonStyle
vmc.in.mrecorder.R$attr: int actionModeCloseDrawable
vmc.in.mrecorder.R$attr: int actionModeCopyDrawable
vmc.in.mrecorder.R$attr: int actionModeCutDrawable
vmc.in.mrecorder.R$attr: int actionModeFindDrawable
vmc.in.mrecorder.R$attr: int actionModePasteDrawable
vmc.in.mrecorder.R$attr: int actionModePopupWindowStyle
vmc.in.mrecorder.R$attr: int actionModeSelectAllDrawable
vmc.in.mrecorder.R$attr: int actionModeShareDrawable
vmc.in.mrecorder.R$attr: int actionModeSplitBackground
vmc.in.mrecorder.R$attr: int actionModeStyle
vmc.in.mrecorder.R$attr: int actionModeWebSearchDrawable
vmc.in.mrecorder.R$bool: int abc_action_bar_embed_tabs
vmc.in.mrecorder.R$bool: int abc_action_bar_embed_tabs_pre_jb
vmc.in.mrecorder.R$bool: int abc_action_bar_expanded_action_views_exclusive
vmc.in.mrecorder.R$bool: int abc_allow_stacked_button_bar
vmc.in.mrecorder.R$bool: int abc_config_actionMenuItemAllCaps
vmc.in.mrecorder.R$bool: int abc_config_allowActionMenuItemTextWithIcon
vmc.in.mrecorder.R$bool: int abc_config_closeDialogWhenTouchOutside
vmc.in.mrecorder.R$bool: int abc_config_showMenuShortcutsWhenKeyboardPresent
...
org.apache.http.config.RegistryBuilder
org.apache.http.config.RegistryBuilder: java.util.Map items
org.apache.http.config.RegistryBuilder: org.apache.http.config.RegistryBuilder create()
org.apache.http.config.RegistryBuilder: RegistryBuilder()
org.apache.http.config.RegistryBuilder: org.apache.http.config.RegistryBuilder register(java.lang.String,java.lang.Object)
org.apache.http.config.RegistryBuilder: org.apache.http.config.Registry build()
org.apache.http.config.RegistryBuilder: java.lang.String toString()
org.apache.http.config.SocketConfig
org.apache.http.config.SocketConfig: org.apache.http.config.SocketConfig DEFAULT
org.apache.http.config.SocketConfig: int soTimeout
org.apache.http.config.SocketConfig: boolean soReuseAddress
org.apache.http.config.SocketConfig: int soLinger
org.apache.http.config.SocketConfig: boolean soKeepAlive
org.apache.http.config.SocketConfig: boolean tcpNoDelay
org.apache.http.config.SocketConfig: SocketConfig(int,boolean,int,boolean,boolean)
org.apache.http.config.SocketConfig: int getSoTimeout()
org.apache.http.config.SocketConfig: boolean isSoReuseAddress()
org.apache.http.config.SocketConfig: int getSoLinger()
org.apache.http.config.SocketConfig: boolean isSoKeepAlive()
org.apache.http.config.SocketConfig: boolean isTcpNoDelay()
org.apache.http.config.SocketConfig: org.apache.http.config.SocketConfig clone()
org.apache.http.config.SocketConfig: java.lang.String toString()
org.apache.http.config.SocketConfig: org.apache.http.config.SocketConfig$Builder custom()
org.apache.http.config.SocketConfig: org.apache.http.config.SocketConfig$Builder copy(org.apache.http.config.SocketConfig)
org.apache.http.config.SocketConfig: java.lang.Object clone()
org.apache.http.config.SocketConfig: void <clinit>()
org.apache.http.config.SocketConfig$Builder
org.apache.http.config.SocketConfig$Builder: int soTimeout
org.apache.http.config.SocketConfig$Builder: boolean soReuseAddress
org.apache.http.config.SocketConfig$Builder: int soLinger
org.apache.http.config.SocketConfig$Builder: boolean soKeepAlive
org.apache.http.config.SocketConfig$Builder: boolean tcpNoDelay
org.apache.http.config.SocketConfig$Builder: SocketConfig$Builder()
org.apache.http.config.SocketConfig$Builder: org.apache.http.config.SocketConfig$Builder setSoTimeout(int)
org.apache.http.config.SocketConfig$Builder: org.apache.http.config.SocketConfig$Builder setSoReuseAddress(boolean)
org.apache.http.config.SocketConfig$Builder: org.apache.http.config.SocketConfig$Builder setSoLinger(int)
org.apache.http.config.SocketConfig$Builder: org.apache.http.config.SocketConfig$Builder setSoKeepAlive(boolean)
org.apache.http.config.SocketConfig$Builder: org.apache.http.config.SocketConfig$Builder setTcpNoDelay(boolean)
org.apache.http.config.SocketConfig$Builder: org.apache.http.config.SocketConfig build()
org.apache.http.entity.AbstractHttpEntity
org.apache.http.entity.AbstractHttpEntity: int OUTPUT_BUFFER_SIZE
org.apache.http.entity.AbstractHttpEntity: org.apache.http.Header contentType
org.apache.http.entity.AbstractHttpEntity: org.apache.http.Header contentEncoding
org.apache.http.entity.AbstractHttpEntity: boolean chunked
org.apache.http.entity.AbstractHttpEntity: AbstractHttpEntity()
org.apache.http.entity.AbstractHttpEntity: org.apache.http.Header getContentType()
org.apache.http.entity.AbstractHttpEntity: org.apache.http.Header getContentEncoding()
org.apache.http.entity.AbstractHttpEntity: boolean isChunked()
org.apache.http.entity.AbstractHttpEntity: void setContentType(org.apache.http.Header)
org.apache.http.entity.AbstractHttpEntity: void setContentType(java.lang.String)
org.apache.http.entity.AbstractHttpEntity: void setContentEncoding(org.apache.http.Header)
org.apache.http.entity.AbstractHttpEntity: void setContentEncoding(java.lang.String)
org.apache.http.entity.AbstractHttpEntity: void setChunked(boolean)
org.apache.http.entity.AbstractHttpEntity: void consumeContent()