app/build/outputs/mapping/release/usage.txt
vmc.in.mrecorder.BuildConfig
vmc.in.mrecorder.R
vmc.in.mrecorder.R$anim
vmc.in.mrecorder.R$array
vmc.in.mrecorder.R$attr
vmc.in.mrecorder.R$bool
vmc.in.mrecorder.R$color
vmc.in.mrecorder.R$dimen
vmc.in.mrecorder.R$drawable
vmc.in.mrecorder.R$id
vmc.in.mrecorder.R$integer
vmc.in.mrecorder.R$layout
vmc.in.mrecorder.R$menu
vmc.in.mrecorder.R$mipmap
vmc.in.mrecorder.R$string
vmc.in.mrecorder.R$style
vmc.in.mrecorder.R$styleable
vmc.in.mrecorder.R$xml
vmc.in.mrecorder.accounts.GenericAccountService:
    private static final java.lang.String TAG
    public static final java.lang.String ACCOUNT_TYPE
    public static final java.lang.String ACCOUNT_NAME
vmc.in.mrecorder.activity.AnalyticsByEmp:
    private com.github.mikephil.charting.charts.PieChart pieChart
    private android.support.v4.widget.SwipeRefreshLayout swipeRefreshLayout
vmc.in.mrecorder.activity.AnalyticsByEmp$GetBarChartData:
    private java.lang.String message
vmc.in.mrecorder.activity.AnalyticsByType:
    private com.github.mikephil.charting.charts.BarChart chart
    private android.support.v4.widget.SwipeRefreshLayout swipeRefreshLayout
    java.util.Timer timer
    java.util.TimerTask timerTask
    private java.lang.String count
vmc.in.mrecorder.activity.AnalyticsByType$GetPieChartData:
    private java.lang.String message
vmc.in.mrecorder.activity.ForgotPasword:
    private java.lang.String repassword
    65:65:public static vmc.in.mrecorder.activity.ForgotPasword instance()
    156:161:private void showOTPDialog()
    233:239:public void updateList(java.lang.String)
vmc.in.mrecorder.activity.Home:
    private double latitude
    private double longitude
    private android.support.design.widget.Snackbar snack
vmc.in.mrecorder.activity.Login:
    android.widget.CheckBox check_box_show_password
    android.widget.TextView link_forgot_password
    public static final java.lang.String DEAFULT
vmc.in.mrecorder.activity.Login$GetOtp:
    java.lang.String Otp
vmc.in.mrecorder.activity.Login$StartLogin:
    private java.lang.String image
vmc.in.mrecorder.adapter.Calls_Adapter:
    250:266:public void setTextTheme(android.widget.TextView)
vmc.in.mrecorder.adapter.Calls_Adapter$CallViewHolder:
    protected android.widget.ImageButton ibcall
    protected android.widget.ImageButton ibmessage
vmc.in.mrecorder.adapter.CustomSpinnerAdapter:
    public android.content.res.Resources res
vmc.in.mrecorder.adapter.RecentDialAdapter
vmc.in.mrecorder.adapter.RecentDialAdapter$ViewHolder
vmc.in.mrecorder.callbacks.Constants:
    6:6:public Constants()
vmc.in.mrecorder.callbacks.EndlessScrollListener:
    private static int firstVisibleInListview
vmc.in.mrecorder.callbacks.TAG
vmc.in.mrecorder.datahandler.MDatabase:
    public static final int CALLRECORDS
    public static final int ALL
    public static final int INBOUND
    public static final int OUTBOUND
    public static final int MISSED
...
com.google.android.gms.maps.internal.IStreetViewPanoramaDelegate$zza
com.google.android.gms.maps.internal.IStreetViewPanoramaDelegate$zza$zza
com.google.android.gms.maps.internal.IStreetViewPanoramaFragmentDelegate
com.google.android.gms.maps.internal.IStreetViewPanoramaFragmentDelegate$zza
com.google.android.gms.maps.internal.IStreetViewPanoramaFragmentDelegate$zza$zza
com.google.android.gms.maps.internal.IStreetViewPanoramaViewDelegate
com.google.android.gms.maps.internal.IStreetViewPanoramaViewDelegate$zza
com.google.android.gms.maps.internal.IStreetViewPanoramaViewDelegate$zza$zza
com.google.android.gms.maps.internal.IUiSettingsDelegate
com.google.android.gms.maps.internal.IUiSettingsDelegate$zza
com.google.android.gms.maps.internal.IUiSettingsDelegate$zza$zza
com.google.android.gms.maps.internal.MapLifecycleDelegate
com.google.android.gms.maps.internal.StreetViewLifecycleDelegate
com.google.android.gms.maps.internal.zza
com.google.android.gms.maps.internal.zzaa
com.google.android.gms.maps.internal.zzaa$zza
com.google.android.gms.maps.internal.zzaa$zza$zza
com.google.android.gms.maps.internal.zzab
com.google.android.gms.maps.internal.zzab$zza
com.google.android.gms.maps.internal.zzab$zza$zza
com.google.android.gms.maps.internal.zzac
com.google.android.gms.maps.internal.zzad
com.google.android.gms.maps.internal.zzb
com.google.android.gms.maps.internal.zzb$zza
com.google.android.gms.maps.internal.zzb$zza$zza
com.google.android.gms.maps.internal.zzc
com.google.android.gms.maps.internal.zzc$zza
com.google.android.gms.maps.internal.zzc$zza$zza
com.google.android.gms.maps.internal.zzd
com.google.android.gms.maps.internal.zzd$zza
com.google.android.gms.maps.internal.zzd$zza$zza
com.google.android.gms.maps.internal.zze
com.google.android.gms.maps.internal.zze$zza
com.google.android.gms.maps.internal.zze$zza$zza
com.google.android.gms.maps.internal.zzf
com.google.android.gms.maps.internal.zzf$zza
com.google.android.gms.maps.internal.zzf$zza$zza
com.google.android.gms.maps.internal.zzg
com.google.android.gms.maps.internal.zzg$zza
com.google.android.gms.maps.internal.zzg$zza$zza
com.google.android.gms.maps.internal.zzh
com.google.android.gms.maps.internal.zzh$zza
com.google.android.gms.maps.internal.zzh$zza$zza
com.google.android.gms.maps.internal.zzi
com.google.android.gms.maps.internal.zzi$zza
com.google.android.gms.maps.internal.zzi$zza$zza
com.google.android.gms.maps.internal.zzj
com.google.android.gms.maps.internal.zzj$zza
com.google.android.gms.maps.internal.zzj$zza$zza
com.google.android.gms.maps.internal.zzk
com.google.android.gms.maps.internal.zzk$zza
com.google.android.gms.maps.internal.zzk$zza$zza
com.google.android.gms.maps.internal.zzl
com.google.android.gms.maps.internal.zzl$zza
com.google.android.gms.maps.internal.zzl$zza$zza
com.google.android.gms.maps.internal.zzm
com.google.android.gms.maps.internal.zzm$zza
com.google.android.gms.maps.internal.zzm$zza$zza
com.google.android.gms.maps.internal.zzn
com.google.android.gms.maps.internal.zzn$zza
com.google.android.gms.maps.internal.zzn$zza$zza
com.google.android.gms.maps.internal.zzo
com.google.android.gms.maps.internal.zzo$zza
com.google.android.gms.maps.internal.zzo$zza$zza
com.google.android.gms.maps.internal.zzp
com.google.android.gms.maps.internal.zzp$zza
com.google.android.gms.maps.internal.zzp$zza$zza
com.google.android.gms.maps.internal.zzq
com.google.android.gms.maps.internal.zzq$zza
com.google.android.gms.maps.internal.zzq$zza$zza
com.google.android.gms.maps.internal.zzr
com.google.android.gms.maps.internal.zzr$zza
com.google.android.gms.maps.internal.zzr$zza$zza
com.google.android.gms.maps.internal.zzs
com.google.android.gms.maps.internal.zzs$zza
com.google.android.gms.maps.internal.zzs$zza$zza
com.google.android.gms.maps.internal.zzt
com.google.android.gms.maps.internal.zzt$zza
com.google.android.gms.maps.internal.zzt$zza$zza
com.google.android.gms.maps.internal.zzu
com.google.android.gms.maps.internal.zzu$zza
com.google.android.gms.maps.internal.zzu$zza$zza